[debug] [2020-02-11T22:17:39.072Z] ----------------------------------------------------------------------
[debug] [2020-02-11T22:17:39.075Z] Command:       /usr/local/Cellar/node/13.7.0/bin/node /usr/local/Cellar/node/13.7.0/bin/firebase serve
[debug] [2020-02-11T22:17:39.075Z] CLI Version:   7.12.1
[debug] [2020-02-11T22:17:39.075Z] Platform:      darwin
[debug] [2020-02-11T22:17:39.075Z] Node Version:  v13.7.0
[debug] [2020-02-11T22:17:39.077Z] Time:          Tue Feb 11 2020 17:17:39 GMT-0500 (Eastern Standard Time)
[debug] [2020-02-11T22:17:39.077Z] ----------------------------------------------------------------------
[debug] [2020-02-11T22:17:39.077Z] 
[debug] [2020-02-11T22:17:39.092Z] > command requires scopes: ["email","openid","https://www.googleapis.com/auth/cloudplatformprojects.readonly","https://www.googleapis.com/auth/firebase","https://www.googleapis.com/auth/cloud-platform"]
[debug] [2020-02-11T22:17:39.092Z] > authorizing via signed-in user
[debug] [2020-02-11T22:17:39.092Z] [iam] checking project client-f2d83 for permissions ["firebase.projects.get"]
[debug] [2020-02-11T22:17:39.093Z] > refreshing access token with scopes: ["email","https://www.googleapis.com/auth/cloud-platform","https://www.googleapis.com/auth/cloudplatformprojects.readonly","https://www.googleapis.com/auth/firebase","openid"]
[debug] [2020-02-11T22:17:39.094Z] >>> HTTP REQUEST POST https://www.googleapis.com/oauth2/v3/token  
 <request body omitted>
[debug] [2020-02-11T22:17:39.351Z] <<< HTTP RESPONSE 200
[debug] [2020-02-11T22:17:39.366Z] >>> HTTP REQUEST POST https://cloudresourcemanager.googleapis.com/v1/projects/client-f2d83:testIamPermissions  

[debug] [2020-02-11T22:17:39.718Z] <<< HTTP RESPONSE 200
[debug] [2020-02-11T22:17:39.720Z] >>> HTTP REQUEST GET https://firebase.googleapis.com/v1beta1/projects/client-f2d83  
 
[debug] [2020-02-11T22:17:40.020Z] <<< HTTP RESPONSE 200
[info] 
[info] === Serving from '/Users/enroll/Desktop/moreReact/client'...
[info] 
[debug] [2020-02-11T22:17:40.022Z] >>> HTTP REQUEST GET https://firebase.googleapis.com/v1beta1/projects/client-f2d83/webApps/-/config  
 
[debug] [2020-02-11T22:17:40.475Z] <<< HTTP RESPONSE 200
[info] i  hosting: Serving hosting files from: build
[info] ✔  hosting: Local server: http://localhost:5000
